{"C:\\Users\\muham\\Documents\\Pemrograman\\Javascript\\purwadhika\\Modul 2\\05-next-js\\testing-unit\\function-test\\src\\basic.js": {"path":"C:\\Users\\muham\\Documents\\Pemrograman\\Javascript\\purwadhika\\Modul 2\\05-next-js\\testing-unit\\function-test\\src\\basic.js","all":false,"statementMap":{"0":{"start":{"line":1,"column":0},"end":{"line":1,"column":30}},"1":{"start":{"line":2,"column":0},"end":{"line":2,"column":20}},"2":{"start":{"line":3,"column":0},"end":{"line":3,"column":1}},"3":{"start":{"line":4,"column":0},"end":{"line":4,"column":0}},"4":{"start":{"line":5,"column":0},"end":{"line":5,"column":23}},"5":{"start":{"line":6,"column":0},"end":{"line":6,"column":55}},"6":{"start":{"line":7,"column":0},"end":{"line":7,"column":62}},"7":{"start":{"line":8,"column":0},"end":{"line":8,"column":3}},"8":{"start":{"line":9,"column":0},"end":{"line":9,"column":0}},"9":{"start":{"line":10,"column":0},"end":{"line":10,"column":24}},"10":{"start":{"line":11,"column":0},"end":{"line":11,"column":1}},"11":{"start":{"line":12,"column":0},"end":{"line":12,"column":0}},"12":{"start":{"line":13,"column":0},"end":{"line":13,"column":26}},"13":{"start":{"line":14,"column":0},"end":{"line":14,"column":33}},"14":{"start":{"line":15,"column":0},"end":{"line":15,"column":30}},"15":{"start":{"line":16,"column":0},"end":{"line":16,"column":62}},"16":{"start":{"line":17,"column":0},"end":{"line":17,"column":3}},"17":{"start":{"line":18,"column":0},"end":{"line":18,"column":0}},"18":{"start":{"line":19,"column":0},"end":{"line":19,"column":28}},"19":{"start":{"line":20,"column":0},"end":{"line":20,"column":20}},"20":{"start":{"line":21,"column":0},"end":{"line":21,"column":62}},"21":{"start":{"line":22,"column":0},"end":{"line":22,"column":3}},"22":{"start":{"line":23,"column":0},"end":{"line":23,"column":0}},"23":{"start":{"line":24,"column":0},"end":{"line":24,"column":17}},"24":{"start":{"line":25,"column":0},"end":{"line":25,"column":46}},"25":{"start":{"line":26,"column":0},"end":{"line":26,"column":3}},"26":{"start":{"line":27,"column":0},"end":{"line":27,"column":0}},"27":{"start":{"line":28,"column":0},"end":{"line":28,"column":27}},"28":{"start":{"line":29,"column":0},"end":{"line":29,"column":13}},"29":{"start":{"line":30,"column":0},"end":{"line":30,"column":3}},"30":{"start":{"line":31,"column":0},"end":{"line":31,"column":0}},"31":{"start":{"line":32,"column":0},"end":{"line":32,"column":41}},"32":{"start":{"line":33,"column":0},"end":{"line":33,"column":16}},"33":{"start":{"line":34,"column":0},"end":{"line":34,"column":8}},"34":{"start":{"line":35,"column":0},"end":{"line":35,"column":16}},"35":{"start":{"line":36,"column":0},"end":{"line":36,"column":0}},"36":{"start":{"line":37,"column":0},"end":{"line":37,"column":33}},"37":{"start":{"line":38,"column":0},"end":{"line":38,"column":1}},"38":{"start":{"line":39,"column":0},"end":{"line":39,"column":0}}},"s":{"0":2,"1":2,"2":2,"3":1,"4":4,"5":4,"6":1,"7":1,"8":3,"9":4,"10":4,"11":1,"12":16,"13":16,"14":16,"15":6,"16":6,"17":10,"18":10,"19":16,"20":2,"21":2,"22":8,"23":16,"24":1,"25":1,"26":7,"27":16,"28":3,"29":3,"30":4,"31":4,"32":4,"33":4,"34":4,"35":4,"36":4,"37":4,"38":1},"branchMap":{"0":{"type":"branch","line":1,"loc":{"start":{"line":1,"column":0},"end":{"line":3,"column":1}},"locations":[{"start":{"line":1,"column":0},"end":{"line":3,"column":1}}]},"1":{"type":"branch","line":5,"loc":{"start":{"line":5,"column":0},"end":{"line":11,"column":1}},"locations":[{"start":{"line":5,"column":0},"end":{"line":11,"column":1}}]},"2":{"type":"branch","line":6,"loc":{"start":{"line":6,"column":28},"end":{"line":6,"column":52}},"locations":[{"start":{"line":6,"column":28},"end":{"line":6,"column":52}}]},"3":{"type":"branch","line":6,"loc":{"start":{"line":6,"column":54},"end":{"line":8,"column":3}},"locations":[{"start":{"line":6,"column":54},"end":{"line":8,"column":3}}]},"4":{"type":"branch","line":9,"loc":{"start":{"line":9,"column":-2},"end":{"line":10,"column":16}},"locations":[{"start":{"line":9,"column":-2},"end":{"line":10,"column":16}}]},"5":{"type":"branch","line":10,"loc":{"start":{"line":10,"column":16},"end":{"line":10,"column":19}},"locations":[{"start":{"line":10,"column":16},"end":{"line":10,"column":19}}]},"6":{"type":"branch","line":10,"loc":{"start":{"line":10,"column":20},"end":{"line":10,"column":23}},"locations":[{"start":{"line":10,"column":20},"end":{"line":10,"column":23}}]},"7":{"type":"branch","line":13,"loc":{"start":{"line":13,"column":0},"end":{"line":38,"column":1}},"locations":[{"start":{"line":13,"column":0},"end":{"line":38,"column":1}}]},"8":{"type":"branch","line":15,"loc":{"start":{"line":15,"column":29},"end":{"line":17,"column":3}},"locations":[{"start":{"line":15,"column":29},"end":{"line":17,"column":3}}]},"9":{"type":"branch","line":18,"loc":{"start":{"line":18,"column":-2},"end":{"line":20,"column":19}},"locations":[{"start":{"line":18,"column":-2},"end":{"line":20,"column":19}}]},"10":{"type":"branch","line":20,"loc":{"start":{"line":20,"column":19},"end":{"line":22,"column":3}},"locations":[{"start":{"line":20,"column":19},"end":{"line":22,"column":3}}]},"11":{"type":"branch","line":23,"loc":{"start":{"line":23,"column":-2},"end":{"line":24,"column":16}},"locations":[{"start":{"line":23,"column":-2},"end":{"line":24,"column":16}}]},"12":{"type":"branch","line":24,"loc":{"start":{"line":24,"column":16},"end":{"line":26,"column":3}},"locations":[{"start":{"line":24,"column":16},"end":{"line":26,"column":3}}]},"13":{"type":"branch","line":27,"loc":{"start":{"line":27,"column":-2},"end":{"line":28,"column":14}},"locations":[{"start":{"line":27,"column":-2},"end":{"line":28,"column":14}}]},"14":{"type":"branch","line":28,"loc":{"start":{"line":28,"column":14},"end":{"line":28,"column":24}},"locations":[{"start":{"line":28,"column":14},"end":{"line":28,"column":24}}]},"15":{"type":"branch","line":28,"loc":{"start":{"line":28,"column":26},"end":{"line":30,"column":3}},"locations":[{"start":{"line":28,"column":26},"end":{"line":30,"column":3}}]},"16":{"type":"branch","line":31,"loc":{"start":{"line":31,"column":-2},"end":{"line":38,"column":1}},"locations":[{"start":{"line":31,"column":-2},"end":{"line":38,"column":1}}]}},"b":{"0":[2],"1":[4],"2":[3],"3":[1],"4":[3],"5":[2],"6":[1],"7":[16],"8":[6],"9":[10],"10":[2],"11":[8],"12":[1],"13":[7],"14":[6],"15":[3],"16":[4]},"fnMap":{"0":{"name":"sumAndPlusTen","decl":{"start":{"line":1,"column":0},"end":{"line":3,"column":1}},"loc":{"start":{"line":1,"column":0},"end":{"line":3,"column":1}},"line":1},"1":{"name":"maxNum","decl":{"start":{"line":5,"column":0},"end":{"line":11,"column":1}},"loc":{"start":{"line":5,"column":0},"end":{"line":11,"column":1}},"line":5},"2":{"name":"factorialNum","decl":{"start":{"line":13,"column":0},"end":{"line":38,"column":1}},"loc":{"start":{"line":13,"column":0},"end":{"line":38,"column":1}},"line":13}},"f":{"0":2,"1":4,"2":16}}
}
